<?xml version="1.0" encoding="UTF-8"?>
<!-- Generated by org.testng.reporters.JUnitReportReporter -->
<testsuite hostname="Neeraj_Kumar_LP" name="com.linkedIn.qa.testcases.SignupPage" tests="1" failures="0" timestamp="27 Jul 2020 03:47:02 GMT" time="21.564" errors="0">
  <testcase name="sugnupPage" time="21.564" classname="com.linkedIn.qa.testcases.SignupPage"/>
</testsuite> <!-- com.linkedIn.qa.testcases.SignupPage -->
